{"E:\\VibeProjects\\ToDoTestTask\\ToDoTestTask\\src\\App.tsx": {"path":"E:\\VibeProjects\\ToDoTestTask\\ToDoTestTask\\src\\App.tsx","all":true,"statementMap":{"0":{"start":{"line":1,"column":0},"end":{"line":1,"column":0}},"1":{"start":{"line":2,"column":0},"end":{"line":2,"column":51}},"2":{"start":{"line":3,"column":0},"end":{"line":3,"column":49}},"3":{"start":{"line":4,"column":0},"end":{"line":4,"column":44}},"4":{"start":{"line":5,"column":0},"end":{"line":5,"column":19}},"6":{"start":{"line":7,"column":0},"end":{"line":7,"column":16}},"7":{"start":{"line":8,"column":0},"end":{"line":8,"column":9}},"8":{"start":{"line":9,"column":0},"end":{"line":9,"column":10}},"9":{"start":{"line":10,"column":0},"end":{"line":10,"column":12}},"10":{"start":{"line":11,"column":0},"end":{"line":11,"column":15}},"11":{"start":{"line":12,"column":0},"end":{"line":12,"column":15}},"12":{"start":{"line":13,"column":0},"end":{"line":13,"column":19}},"13":{"start":{"line":14,"column":0},"end":{"line":14,"column":18}},"14":{"start":{"line":15,"column":0},"end":{"line":15,"column":17}},"16":{"start":{"line":17,"column":0},"end":{"line":17,"column":10}},"17":{"start":{"line":18,"column":0},"end":{"line":18,"column":25}},"18":{"start":{"line":19,"column":0},"end":{"line":19,"column":33}},"19":{"start":{"line":20,"column":0},"end":{"line":20,"column":39}},"20":{"start":{"line":21,"column":0},"end":{"line":21,"column":28}},"21":{"start":{"line":22,"column":0},"end":{"line":22,"column":59}},"22":{"start":{"line":23,"column":0},"end":{"line":23,"column":17}},"24":{"start":{"line":25,"column":0},"end":{"line":25,"column":35}},"25":{"start":{"line":26,"column":0},"end":{"line":26,"column":43}},"26":{"start":{"line":27,"column":0},"end":{"line":27,"column":19}},"27":{"start":{"line":28,"column":0},"end":{"line":28,"column":25}},"28":{"start":{"line":29,"column":0},"end":{"line":29,"column":33}},"29":{"start":{"line":30,"column":0},"end":{"line":30,"column":33}},"30":{"start":{"line":31,"column":0},"end":{"line":31,"column":45}},"31":{"start":{"line":32,"column":0},"end":{"line":32,"column":12}},"32":{"start":{"line":33,"column":0},"end":{"line":33,"column":15}},"34":{"start":{"line":35,"column":0},"end":{"line":35,"column":39}},"35":{"start":{"line":36,"column":0},"end":{"line":36,"column":76}},"36":{"start":{"line":37,"column":0},"end":{"line":37,"column":17}},"37":{"start":{"line":38,"column":0},"end":{"line":38,"column":12}},"38":{"start":{"line":39,"column":0},"end":{"line":39,"column":10}},"40":{"start":{"line":41,"column":0},"end":{"line":41,"column":1}},"42":{"start":{"line":43,"column":0},"end":{"line":43,"column":19}}},"s":{"0":0,"1":0,"2":0,"3":0,"4":0,"6":0,"7":0,"8":0,"9":0,"10":0,"11":0,"12":0,"13":0,"14":0,"16":0,"17":0,"18":0,"19":0,"20":0,"21":0,"22":0,"24":0,"25":0,"26":0,"27":0,"28":0,"29":0,"30":0,"31":0,"32":0,"34":0,"35":0,"36":0,"37":0,"38":0,"40":0,"42":0},"branchMap":{"0":{"type":"branch","line":1,"loc":{"start":{"line":1,"column":0},"end":{"line":43,"column":-534}},"locations":[{"start":{"line":1,"column":0},"end":{"line":43,"column":-534}}]}},"b":{"0":[0]},"fnMap":{"0":{"name":"(empty-report)","decl":{"start":{"line":1,"column":0},"end":{"line":43,"column":-534}},"loc":{"start":{"line":1,"column":0},"end":{"line":43,"column":-534}},"line":1}},"f":{"0":0}}
,"E:\\VibeProjects\\ToDoTestTask\\ToDoTestTask\\src\\main.tsx": {"path":"E:\\VibeProjects\\ToDoTestTask\\ToDoTestTask\\src\\main.tsx","all":true,"statementMap":{"0":{"start":{"line":1,"column":0},"end":{"line":1,"column":34}},"1":{"start":{"line":2,"column":0},"end":{"line":2,"column":45}},"2":{"start":{"line":3,"column":0},"end":{"line":3,"column":20}},"3":{"start":{"line":4,"column":0},"end":{"line":4,"column":27}},"5":{"start":{"line":6,"column":0},"end":{"line":6,"column":52}},"6":{"start":{"line":7,"column":0},"end":{"line":7,"column":14}},"7":{"start":{"line":8,"column":0},"end":{"line":8,"column":11}},"8":{"start":{"line":9,"column":0},"end":{"line":9,"column":16}},"9":{"start":{"line":10,"column":0},"end":{"line":10,"column":1}}},"s":{"0":0,"1":0,"2":0,"3":0,"5":0,"6":0,"7":0,"8":0,"9":0},"branchMap":{"0":{"type":"branch","line":1,"loc":{"start":{"line":1,"column":229},"end":{"line":10,"column":1}},"locations":[{"start":{"line":1,"column":229},"end":{"line":10,"column":1}}]}},"b":{"0":[0]},"fnMap":{"0":{"name":"(empty-report)","decl":{"start":{"line":1,"column":229},"end":{"line":10,"column":1}},"loc":{"start":{"line":1,"column":229},"end":{"line":10,"column":1}},"line":1}},"f":{"0":0}}
,"E:\\VibeProjects\\ToDoTestTask\\ToDoTestTask\\src\\components\\TodoInput.tsx": {"path":"E:\\VibeProjects\\ToDoTestTask\\ToDoTestTask\\src\\components\\TodoInput.tsx","all":false,"statementMap":{"0":{"start":{"line":1,"column":0},"end":{"line":1,"column":40}},"7":{"start":{"line":8,"column":0},"end":{"line":8,"column":71}},"8":{"start":{"line":9,"column":0},"end":{"line":9,"column":51}},"10":{"start":{"line":11,"column":0},"end":{"line":11,"column":30}},"11":{"start":{"line":12,"column":0},"end":{"line":12,"column":28}},"12":{"start":{"line":13,"column":0},"end":{"line":13,"column":35}},"13":{"start":{"line":14,"column":0},"end":{"line":14,"column":24}},"14":{"start":{"line":15,"column":0},"end":{"line":15,"column":5}},"15":{"start":{"line":16,"column":0},"end":{"line":16,"column":4}},"17":{"start":{"line":18,"column":0},"end":{"line":18,"column":65}},"18":{"start":{"line":19,"column":0},"end":{"line":19,"column":28}},"19":{"start":{"line":20,"column":0},"end":{"line":20,"column":21}},"20":{"start":{"line":21,"column":0},"end":{"line":21,"column":5}},"21":{"start":{"line":22,"column":0},"end":{"line":22,"column":4}},"23":{"start":{"line":24,"column":0},"end":{"line":24,"column":10}},"24":{"start":{"line":25,"column":0},"end":{"line":25,"column":32}},"25":{"start":{"line":26,"column":0},"end":{"line":26,"column":12}},"26":{"start":{"line":27,"column":0},"end":{"line":27,"column":19}},"27":{"start":{"line":28,"column":0},"end":{"line":28,"column":26}},"28":{"start":{"line":29,"column":0},"end":{"line":29,"column":55}},"29":{"start":{"line":30,"column":0},"end":{"line":30,"column":33}},"30":{"start":{"line":31,"column":0},"end":{"line":31,"column":44}},"31":{"start":{"line":32,"column":0},"end":{"line":32,"column":37}},"32":{"start":{"line":33,"column":0},"end":{"line":33,"column":8}},"33":{"start":{"line":34,"column":0},"end":{"line":34,"column":14}},"34":{"start":{"line":35,"column":0},"end":{"line":35,"column":30}},"35":{"start":{"line":36,"column":0},"end":{"line":36,"column":38}},"36":{"start":{"line":37,"column":0},"end":{"line":37,"column":37}},"37":{"start":{"line":38,"column":0},"end":{"line":38,"column":7}},"39":{"start":{"line":40,"column":0},"end":{"line":40,"column":15}},"40":{"start":{"line":41,"column":0},"end":{"line":41,"column":10}},"42":{"start":{"line":43,"column":0},"end":{"line":43,"column":2}}},"s":{"0":1,"7":1,"8":7,"10":7,"11":2,"12":2,"13":2,"14":2,"15":2,"17":7,"18":1,"19":1,"20":1,"21":1,"23":7,"24":7,"25":7,"26":7,"27":7,"28":7,"29":7,"30":7,"31":7,"32":7,"33":7,"34":7,"35":7,"36":7,"37":7,"39":7,"40":7,"42":7},"branchMap":{"0":{"type":"branch","line":8,"loc":{"start":{"line":8,"column":51},"end":{"line":43,"column":2}},"locations":[{"start":{"line":8,"column":51},"end":{"line":43,"column":2}}]},"1":{"type":"branch","line":11,"loc":{"start":{"line":11,"column":23},"end":{"line":16,"column":4}},"locations":[{"start":{"line":11,"column":23},"end":{"line":16,"column":4}}]},"2":{"type":"branch","line":18,"loc":{"start":{"line":18,"column":24},"end":{"line":22,"column":4}},"locations":[{"start":{"line":18,"column":24},"end":{"line":22,"column":4}}]},"3":{"type":"branch","line":29,"loc":{"start":{"line":29,"column":18},"end":{"line":29,"column":55}},"locations":[{"start":{"line":29,"column":18},"end":{"line":29,"column":55}}]}},"b":{"0":[7],"1":[2],"2":[1],"3":[2]},"fnMap":{"0":{"name":"TodoInput","decl":{"start":{"line":8,"column":51},"end":{"line":43,"column":2}},"loc":{"start":{"line":8,"column":51},"end":{"line":43,"column":2}},"line":8},"1":{"name":"handleSubmit","decl":{"start":{"line":11,"column":23},"end":{"line":16,"column":4}},"loc":{"start":{"line":11,"column":23},"end":{"line":16,"column":4}},"line":11},"2":{"name":"handleKeyDown","decl":{"start":{"line":18,"column":24},"end":{"line":22,"column":4}},"loc":{"start":{"line":18,"column":24},"end":{"line":22,"column":4}},"line":18},"3":{"name":"onChange","decl":{"start":{"line":29,"column":18},"end":{"line":29,"column":55}},"loc":{"start":{"line":29,"column":18},"end":{"line":29,"column":55}},"line":29}},"f":{"0":7,"1":2,"2":1,"3":2}}
,"E:\\VibeProjects\\ToDoTestTask\\ToDoTestTask\\src\\components\\TodoItem.tsx": {"path":"E:\\VibeProjects\\ToDoTestTask\\ToDoTestTask\\src\\components\\TodoItem.tsx","all":false,"statementMap":{"0":{"start":{"line":1,"column":0},"end":{"line":1,"column":26}},"9":{"start":{"line":10,"column":0},"end":{"line":10,"column":84}},"10":{"start":{"line":11,"column":0},"end":{"line":11,"column":10}},"11":{"start":{"line":12,"column":0},"end":{"line":12,"column":81}},"12":{"start":{"line":13,"column":0},"end":{"line":13,"column":12}},"13":{"start":{"line":14,"column":0},"end":{"line":14,"column":23}},"14":{"start":{"line":15,"column":0},"end":{"line":15,"column":32}},"15":{"start":{"line":16,"column":0},"end":{"line":16,"column":42}},"16":{"start":{"line":17,"column":0},"end":{"line":17,"column":39}},"17":{"start":{"line":18,"column":0},"end":{"line":18,"column":8}},"18":{"start":{"line":19,"column":0},"end":{"line":19,"column":58}},"19":{"start":{"line":20,"column":0},"end":{"line":20,"column":13}},"20":{"start":{"line":21,"column":0},"end":{"line":21,"column":41}},"21":{"start":{"line":22,"column":0},"end":{"line":22,"column":37}},"22":{"start":{"line":23,"column":0},"end":{"line":23,"column":32}},"23":{"start":{"line":24,"column":0},"end":{"line":24,"column":7}},"25":{"start":{"line":26,"column":0},"end":{"line":26,"column":15}},"26":{"start":{"line":27,"column":0},"end":{"line":27,"column":10}},"28":{"start":{"line":29,"column":0},"end":{"line":29,"column":2}}},"s":{"0":1,"9":1,"10":5,"11":5,"12":5,"13":5,"14":5,"15":5,"16":5,"17":5,"18":5,"19":5,"20":5,"21":5,"22":5,"23":5,"25":5,"26":5,"28":5},"branchMap":{"0":{"type":"branch","line":10,"loc":{"start":{"line":10,"column":49},"end":{"line":29,"column":2}},"locations":[{"start":{"line":10,"column":49},"end":{"line":29,"column":2}}]},"1":{"type":"branch","line":12,"loc":{"start":{"line":12,"column":38},"end":{"line":12,"column":75}},"locations":[{"start":{"line":12,"column":38},"end":{"line":12,"column":75}}]},"2":{"type":"branch","line":12,"loc":{"start":{"line":12,"column":50},"end":{"line":12,"column":77}},"locations":[{"start":{"line":12,"column":50},"end":{"line":12,"column":77}}]},"3":{"type":"branch","line":16,"loc":{"start":{"line":16,"column":18},"end":{"line":16,"column":42}},"locations":[{"start":{"line":16,"column":18},"end":{"line":16,"column":42}}]},"4":{"type":"branch","line":21,"loc":{"start":{"line":21,"column":17},"end":{"line":21,"column":41}},"locations":[{"start":{"line":21,"column":17},"end":{"line":21,"column":41}}]}},"b":{"0":[5],"1":[1],"2":[4],"3":[1],"4":[1]},"fnMap":{"0":{"name":"TodoItem","decl":{"start":{"line":10,"column":49},"end":{"line":29,"column":2}},"loc":{"start":{"line":10,"column":49},"end":{"line":29,"column":2}},"line":10},"1":{"name":"onChange","decl":{"start":{"line":16,"column":18},"end":{"line":16,"column":42}},"loc":{"start":{"line":16,"column":18},"end":{"line":16,"column":42}},"line":16},"2":{"name":"onClick","decl":{"start":{"line":21,"column":17},"end":{"line":21,"column":41}},"loc":{"start":{"line":21,"column":17},"end":{"line":21,"column":41}},"line":21}},"f":{"0":5,"1":1,"2":1}}
,"E:\\VibeProjects\\ToDoTestTask\\ToDoTestTask\\src\\components\\TodoList.tsx": {"path":"E:\\VibeProjects\\ToDoTestTask\\ToDoTestTask\\src\\components\\TodoList.tsx","all":false,"statementMap":{"0":{"start":{"line":1,"column":0},"end":{"line":1,"column":40}},"11":{"start":{"line":12,"column":0},"end":{"line":12,"column":52}},"12":{"start":{"line":13,"column":0},"end":{"line":13,"column":9}},"13":{"start":{"line":14,"column":0},"end":{"line":14,"column":12}},"14":{"start":{"line":15,"column":0},"end":{"line":15,"column":12}},"15":{"start":{"line":16,"column":0},"end":{"line":16,"column":19}},"16":{"start":{"line":17,"column":0},"end":{"line":17,"column":7}},"17":{"start":{"line":18,"column":0},"end":{"line":18,"column":58}},"19":{"start":{"line":20,"column":0},"end":{"line":20,"column":34}},"20":{"start":{"line":21,"column":0},"end":{"line":21,"column":21}},"21":{"start":{"line":22,"column":0},"end":{"line":22,"column":20}},"22":{"start":{"line":23,"column":0},"end":{"line":23,"column":69}},"23":{"start":{"line":24,"column":0},"end":{"line":24,"column":23}},"24":{"start":{"line":25,"column":0},"end":{"line":25,"column":52}},"25":{"start":{"line":26,"column":0},"end":{"line":26,"column":14}},"26":{"start":{"line":27,"column":0},"end":{"line":27,"column":50}},"27":{"start":{"line":28,"column":0},"end":{"line":28,"column":5}},"28":{"start":{"line":29,"column":0},"end":{"line":29,"column":4}},"30":{"start":{"line":31,"column":0},"end":{"line":31,"column":83}},"31":{"start":{"line":32,"column":0},"end":{"line":32,"column":69}},"32":{"start":{"line":33,"column":0},"end":{"line":33,"column":92}},"33":{"start":{"line":34,"column":0},"end":{"line":34,"column":70}},"35":{"start":{"line":36,"column":0},"end":{"line":36,"column":43}},"37":{"start":{"line":38,"column":0},"end":{"line":38,"column":10}},"38":{"start":{"line":39,"column":0},"end":{"line":39,"column":31}},"39":{"start":{"line":40,"column":0},"end":{"line":40,"column":36}},"40":{"start":{"line":41,"column":0},"end":{"line":41,"column":15}},"41":{"start":{"line":42,"column":0},"end":{"line":42,"column":88}},"42":{"start":{"line":43,"column":0},"end":{"line":43,"column":42}},"43":{"start":{"line":44,"column":0},"end":{"line":44,"column":9}},"44":{"start":{"line":45,"column":0},"end":{"line":45,"column":35}},"45":{"start":{"line":46,"column":0},"end":{"line":46,"column":17}},"46":{"start":{"line":47,"column":0},"end":{"line":47,"column":15}},"47":{"start":{"line":48,"column":0},"end":{"line":48,"column":91}},"48":{"start":{"line":49,"column":0},"end":{"line":49,"column":45}},"49":{"start":{"line":50,"column":0},"end":{"line":50,"column":9}},"50":{"start":{"line":51,"column":0},"end":{"line":51,"column":32}},"51":{"start":{"line":52,"column":0},"end":{"line":52,"column":17}},"52":{"start":{"line":53,"column":0},"end":{"line":53,"column":15}},"53":{"start":{"line":54,"column":0},"end":{"line":54,"column":94}},"54":{"start":{"line":55,"column":0},"end":{"line":55,"column":48}},"55":{"start":{"line":56,"column":0},"end":{"line":56,"column":9}},"56":{"start":{"line":57,"column":0},"end":{"line":57,"column":38}},"57":{"start":{"line":58,"column":0},"end":{"line":58,"column":17}},"58":{"start":{"line":59,"column":0},"end":{"line":59,"column":12}},"60":{"start":{"line":61,"column":0},"end":{"line":61,"column":34}},"61":{"start":{"line":62,"column":0},"end":{"line":62,"column":39}},"62":{"start":{"line":63,"column":0},"end":{"line":63,"column":38}},"63":{"start":{"line":64,"column":0},"end":{"line":64,"column":44}},"64":{"start":{"line":65,"column":0},"end":{"line":65,"column":54}},"65":{"start":{"line":66,"column":0},"end":{"line":66,"column":60}},"66":{"start":{"line":67,"column":0},"end":{"line":67,"column":16}},"68":{"start":{"line":69,"column":0},"end":{"line":69,"column":37}},"69":{"start":{"line":70,"column":0},"end":{"line":70,"column":21}},"70":{"start":{"line":71,"column":0},"end":{"line":71,"column":27}},"71":{"start":{"line":72,"column":0},"end":{"line":72,"column":25}},"72":{"start":{"line":73,"column":0},"end":{"line":73,"column":33}},"73":{"start":{"line":74,"column":0},"end":{"line":74,"column":33}},"74":{"start":{"line":75,"column":0},"end":{"line":75,"column":14}},"75":{"start":{"line":76,"column":0},"end":{"line":76,"column":12}},"77":{"start":{"line":78,"column":0},"end":{"line":78,"column":12}},"79":{"start":{"line":80,"column":0},"end":{"line":80,"column":37}},"80":{"start":{"line":81,"column":0},"end":{"line":81,"column":38}},"81":{"start":{"line":82,"column":0},"end":{"line":82,"column":17}},"82":{"start":{"line":83,"column":0},"end":{"line":83,"column":38}},"83":{"start":{"line":84,"column":0},"end":{"line":84,"column":46}},"84":{"start":{"line":85,"column":0},"end":{"line":85,"column":11}},"85":{"start":{"line":86,"column":0},"end":{"line":86,"column":52}},"86":{"start":{"line":87,"column":0},"end":{"line":87,"column":19}},"87":{"start":{"line":88,"column":0},"end":{"line":88,"column":14}},"90":{"start":{"line":91,"column":0},"end":{"line":91,"column":34}},"91":{"start":{"line":92,"column":0},"end":{"line":92,"column":51}},"92":{"start":{"line":93,"column":0},"end":{"line":93,"column":12}},"93":{"start":{"line":94,"column":0},"end":{"line":94,"column":10}},"95":{"start":{"line":96,"column":0},"end":{"line":96,"column":2}}},"s":{"0":1,"11":1,"12":3,"13":3,"14":3,"15":3,"16":3,"17":3,"19":3,"20":3,"21":3,"22":0,"23":3,"24":0,"25":3,"26":3,"27":3,"28":3,"30":3,"31":3,"32":3,"33":3,"35":3,"37":3,"38":3,"39":3,"40":3,"41":3,"42":3,"43":3,"44":3,"45":3,"46":3,"47":3,"48":3,"49":3,"50":3,"51":3,"52":3,"53":3,"54":3,"55":3,"56":3,"57":3,"58":3,"60":3,"61":3,"62":2,"63":2,"64":2,"65":2,"66":2,"68":1,"69":2,"70":2,"71":2,"72":2,"73":2,"74":2,"75":1,"77":3,"79":3,"80":1,"81":1,"82":1,"83":1,"84":1,"85":1,"86":1,"87":1,"90":3,"91":3,"92":3,"93":3,"95":3},"branchMap":{"0":{"type":"branch","line":12,"loc":{"start":{"line":12,"column":49},"end":{"line":96,"column":2}},"locations":[{"start":{"line":12,"column":49},"end":{"line":96,"column":2}}]},"1":{"type":"branch","line":42,"loc":{"start":{"line":42,"column":57},"end":{"line":42,"column":85}},"locations":[{"start":{"line":42,"column":57},"end":{"line":42,"column":85}}]},"2":{"type":"branch","line":48,"loc":{"start":{"line":48,"column":49},"end":{"line":48,"column":86}},"locations":[{"start":{"line":48,"column":49},"end":{"line":48,"column":86}}]},"3":{"type":"branch","line":54,"loc":{"start":{"line":54,"column":49},"end":{"line":54,"column":89}},"locations":[{"start":{"line":54,"column":49},"end":{"line":54,"column":89}}]},"4":{"type":"branch","line":62,"loc":{"start":{"line":62,"column":34},"end":{"line":67,"column":16}},"locations":[{"start":{"line":62,"column":34},"end":{"line":67,"column":16}}]},"5":{"type":"branch","line":65,"loc":{"start":{"line":65,"column":24},"end":{"line":65,"column":54}},"locations":[{"start":{"line":65,"column":24},"end":{"line":65,"column":54}}]},"6":{"type":"branch","line":66,"loc":{"start":{"line":66,"column":24},"end":{"line":66,"column":60}},"locations":[{"start":{"line":66,"column":24},"end":{"line":66,"column":60}}]},"7":{"type":"branch","line":67,"loc":{"start":{"line":67,"column":10},"end":{"line":76,"column":12}},"locations":[{"start":{"line":67,"column":10},"end":{"line":76,"column":12}}]},"8":{"type":"branch","line":80,"loc":{"start":{"line":80,"column":31},"end":{"line":88,"column":14}},"locations":[{"start":{"line":80,"column":31},"end":{"line":88,"column":14}}]},"9":{"type":"branch","line":20,"loc":{"start":{"line":20,"column":27},"end":{"line":29,"column":4}},"locations":[{"start":{"line":20,"column":27},"end":{"line":29,"column":4}}]},"10":{"type":"branch","line":22,"loc":{"start":{"line":22,"column":6},"end":{"line":23,"column":69}},"locations":[{"start":{"line":22,"column":6},"end":{"line":23,"column":69}}]},"11":{"type":"branch","line":24,"loc":{"start":{"line":24,"column":6},"end":{"line":25,"column":52}},"locations":[{"start":{"line":24,"column":6},"end":{"line":25,"column":52}}]},"12":{"type":"branch","line":27,"loc":{"start":{"line":27,"column":28},"end":{"line":27,"column":48}},"locations":[{"start":{"line":27,"column":28},"end":{"line":27,"column":48}}]},"13":{"type":"branch","line":31,"loc":{"start":{"line":31,"column":35},"end":{"line":31,"column":74}},"locations":[{"start":{"line":31,"column":35},"end":{"line":31,"column":74}}]},"14":{"type":"branch","line":31,"loc":{"start":{"line":31,"column":49},"end":{"line":31,"column":74}},"locations":[{"start":{"line":31,"column":49},"end":{"line":31,"column":74}}]},"15":{"type":"branch","line":32,"loc":{"start":{"line":32,"column":38},"end":{"line":32,"column":60}},"locations":[{"start":{"line":32,"column":38},"end":{"line":32,"column":60}}]},"16":{"type":"branch","line":33,"loc":{"start":{"line":33,"column":45},"end":{"line":33,"column":83}},"locations":[{"start":{"line":33,"column":45},"end":{"line":33,"column":83}}]},"17":{"type":"branch","line":33,"loc":{"start":{"line":33,"column":58},"end":{"line":33,"column":83}},"locations":[{"start":{"line":33,"column":58},"end":{"line":33,"column":83}}]},"18":{"type":"branch","line":34,"loc":{"start":{"line":34,"column":41},"end":{"line":34,"column":61}},"locations":[{"start":{"line":34,"column":41},"end":{"line":34,"column":61}}]},"19":{"type":"branch","line":69,"loc":{"start":{"line":69,"column":28},"end":{"line":75,"column":14}},"locations":[{"start":{"line":69,"column":28},"end":{"line":75,"column":14}}]}},"b":{"0":[3],"1":[0],"2":[0],"3":[0],"4":[2],"5":[0],"6":[0],"7":[1],"8":[1],"9":[3],"10":[0],"11":[0],"12":[2],"13":[2],"14":[1],"15":[2],"16":[2],"17":[1],"18":[2],"19":[2]},"fnMap":{"0":{"name":"TodoList","decl":{"start":{"line":12,"column":49},"end":{"line":96,"column":2}},"loc":{"start":{"line":12,"column":49},"end":{"line":96,"column":2}},"line":12},"1":{"name":"getFilteredTodos","decl":{"start":{"line":20,"column":27},"end":{"line":29,"column":4}},"loc":{"start":{"line":20,"column":27},"end":{"line":29,"column":4}},"line":20},"2":{"name":"onClick","decl":{"start":{"line":43,"column":19},"end":{"line":43,"column":42}},"loc":{"start":{"line":43,"column":19},"end":{"line":43,"column":42}},"line":43},"3":{"name":"onClick","decl":{"start":{"line":49,"column":19},"end":{"line":49,"column":45}},"loc":{"start":{"line":49,"column":19},"end":{"line":49,"column":45}},"line":49},"4":{"name":"onClick","decl":{"start":{"line":55,"column":19},"end":{"line":55,"column":48}},"loc":{"start":{"line":55,"column":19},"end":{"line":55,"column":48}},"line":55}},"f":{"0":3,"1":3,"2":0,"3":0,"4":0}}
,"E:\\VibeProjects\\ToDoTestTask\\ToDoTestTask\\src\\hooks\\useTodos.ts": {"path":"E:\\VibeProjects\\ToDoTestTask\\ToDoTestTask\\src\\hooks\\useTodos.ts","all":true,"statementMap":{"0":{"start":{"line":1,"column":0},"end":{"line":1,"column":57}},"3":{"start":{"line":4,"column":0},"end":{"line":4,"column":28}},"5":{"start":{"line":6,"column":0},"end":{"line":6,"column":31}},"6":{"start":{"line":7,"column":0},"end":{"line":7,"column":49}},"8":{"start":{"line":9,"column":0},"end":{"line":9,"column":19}},"9":{"start":{"line":10,"column":0},"end":{"line":10,"column":57}},"10":{"start":{"line":11,"column":0},"end":{"line":11,"column":21}},"11":{"start":{"line":12,"column":0},"end":{"line":12,"column":11}},"12":{"start":{"line":13,"column":0},"end":{"line":13,"column":72}},"13":{"start":{"line":14,"column":0},"end":{"line":14,"column":18}},"14":{"start":{"line":15,"column":0},"end":{"line":15,"column":45}},"15":{"start":{"line":16,"column":0},"end":{"line":16,"column":12}},"16":{"start":{"line":17,"column":0},"end":{"line":17,"column":30}},"17":{"start":{"line":18,"column":0},"end":{"line":18,"column":23}},"18":{"start":{"line":19,"column":0},"end":{"line":19,"column":71}},"19":{"start":{"line":20,"column":0},"end":{"line":20,"column":7}},"20":{"start":{"line":21,"column":0},"end":{"line":21,"column":5}},"21":{"start":{"line":22,"column":0},"end":{"line":22,"column":9}},"23":{"start":{"line":24,"column":0},"end":{"line":24,"column":19}},"24":{"start":{"line":25,"column":0},"end":{"line":25,"column":61}},"25":{"start":{"line":26,"column":0},"end":{"line":26,"column":14}},"27":{"start":{"line":28,"column":0},"end":{"line":28,"column":49}},"28":{"start":{"line":29,"column":0},"end":{"line":29,"column":22}},"29":{"start":{"line":30,"column":0},"end":{"line":30,"column":29}},"30":{"start":{"line":31,"column":0},"end":{"line":31,"column":34}},"31":{"start":{"line":32,"column":0},"end":{"line":32,"column":26}},"32":{"start":{"line":33,"column":0},"end":{"line":33,"column":25}},"33":{"start":{"line":34,"column":0},"end":{"line":34,"column":29}},"34":{"start":{"line":35,"column":0},"end":{"line":35,"column":8}},"35":{"start":{"line":36,"column":0},"end":{"line":36,"column":43}},"36":{"start":{"line":37,"column":0},"end":{"line":37,"column":5}},"37":{"start":{"line":38,"column":0},"end":{"line":38,"column":9}},"39":{"start":{"line":40,"column":0},"end":{"line":40,"column":50}},"40":{"start":{"line":41,"column":0},"end":{"line":41,"column":21}},"41":{"start":{"line":42,"column":0},"end":{"line":42,"column":23}},"42":{"start":{"line":43,"column":0},"end":{"line":43,"column":71}},"43":{"start":{"line":44,"column":0},"end":{"line":44,"column":7}},"44":{"start":{"line":45,"column":0},"end":{"line":45,"column":6}},"45":{"start":{"line":46,"column":0},"end":{"line":46,"column":9}},"47":{"start":{"line":48,"column":0},"end":{"line":48,"column":50}},"48":{"start":{"line":49,"column":0},"end":{"line":49,"column":58}},"49":{"start":{"line":50,"column":0},"end":{"line":50,"column":9}},"51":{"start":{"line":52,"column":0},"end":{"line":52,"column":44}},"52":{"start":{"line":53,"column":0},"end":{"line":53,"column":38}},"53":{"start":{"line":54,"column":0},"end":{"line":54,"column":55}},"54":{"start":{"line":55,"column":0},"end":{"line":55,"column":7}},"55":{"start":{"line":56,"column":0},"end":{"line":56,"column":9}},"57":{"start":{"line":58,"column":0},"end":{"line":58,"column":84}},"58":{"start":{"line":59,"column":0},"end":{"line":59,"column":21}},"59":{"start":{"line":60,"column":0},"end":{"line":60,"column":20}},"60":{"start":{"line":61,"column":0},"end":{"line":61,"column":69}},"61":{"start":{"line":62,"column":0},"end":{"line":62,"column":23}},"62":{"start":{"line":63,"column":0},"end":{"line":63,"column":52}},"63":{"start":{"line":64,"column":0},"end":{"line":64,"column":14}},"64":{"start":{"line":65,"column":0},"end":{"line":65,"column":50}},"65":{"start":{"line":66,"column":0},"end":{"line":66,"column":5}},"66":{"start":{"line":67,"column":0},"end":{"line":67,"column":14}},"68":{"start":{"line":69,"column":0},"end":{"line":69,"column":44}},"69":{"start":{"line":70,"column":0},"end":{"line":70,"column":72}},"70":{"start":{"line":71,"column":0},"end":{"line":71,"column":14}},"72":{"start":{"line":73,"column":0},"end":{"line":73,"column":10}},"73":{"start":{"line":74,"column":0},"end":{"line":74,"column":10}},"74":{"start":{"line":75,"column":0},"end":{"line":75,"column":12}},"75":{"start":{"line":76,"column":0},"end":{"line":76,"column":15}},"76":{"start":{"line":77,"column":0},"end":{"line":77,"column":15}},"77":{"start":{"line":78,"column":0},"end":{"line":78,"column":19}},"78":{"start":{"line":79,"column":0},"end":{"line":79,"column":21}},"79":{"start":{"line":80,"column":0},"end":{"line":80,"column":18}},"80":{"start":{"line":81,"column":0},"end":{"line":81,"column":4}},"81":{"start":{"line":82,"column":0},"end":{"line":82,"column":2}}},"s":{"0":0,"3":0,"5":0,"6":0,"8":0,"9":0,"10":0,"11":0,"12":0,"13":0,"14":0,"15":0,"16":0,"17":0,"18":0,"19":0,"20":0,"21":0,"23":0,"24":0,"25":0,"27":0,"28":0,"29":0,"30":0,"31":0,"32":0,"33":0,"34":0,"35":0,"36":0,"37":0,"39":0,"40":0,"41":0,"42":0,"43":0,"44":0,"45":0,"47":0,"48":0,"49":0,"51":0,"52":0,"53":0,"54":0,"55":0,"57":0,"58":0,"59":0,"60":0,"61":0,"62":0,"63":0,"64":0,"65":0,"66":0,"68":0,"69":0,"70":0,"72":0,"73":0,"74":0,"75":0,"76":0,"77":0,"78":0,"79":0,"80":0,"81":0},"branchMap":{"0":{"type":"branch","line":1,"loc":{"start":{"line":1,"column":0},"end":{"line":82,"column":-89}},"locations":[{"start":{"line":1,"column":0},"end":{"line":82,"column":-89}}]}},"b":{"0":[0]},"fnMap":{"0":{"name":"(empty-report)","decl":{"start":{"line":1,"column":0},"end":{"line":82,"column":-89}},"loc":{"start":{"line":1,"column":0},"end":{"line":82,"column":-89}},"line":1}},"f":{"0":0}}
,"E:\\VibeProjects\\ToDoTestTask\\ToDoTestTask\\src\\types\\todo.ts": {"path":"E:\\VibeProjects\\ToDoTestTask\\ToDoTestTask\\src\\types\\todo.ts","all":true,"statementMap":{},"s":{},"branchMap":{"0":{"type":"branch","line":1,"loc":{"start":{"line":1,"column":182},"end":{"line":9,"column":56}},"locations":[{"start":{"line":1,"column":182},"end":{"line":9,"column":56}}]}},"b":{"0":[1]},"fnMap":{"0":{"name":"(empty-report)","decl":{"start":{"line":1,"column":182},"end":{"line":9,"column":56}},"loc":{"start":{"line":1,"column":182},"end":{"line":9,"column":56}},"line":1}},"f":{"0":1}}
}
